<?xml version="1.0" encoding="UTF-8"?>
<!-- Generated by org.testng.reporters.JUnitReportReporter -->
<testsuite skipped="0" hostname="User-PC" name="script.CreateNewUserTC_02" tests="1" failures="0" timestamp="19 Feb 2019 16:55:22 GMT" time="15.658" errors="0">
  <testcase name="testCreateNewUserTC_02" time="15.658" classname="script.CreateNewUserTC_02"/>
</testsuite> <!-- script.CreateNewUserTC_02 -->
