<?xml version="1.0" encoding="UTF-8"?>
<!-- Generated by org.testng.reporters.JUnitReportReporter -->
<testsuite skipped="0" hostname="User-PC" name="script.LoginLogout" tests="1" failures="0" timestamp="19 Feb 2019 13:56:36 GMT" time="6.481" errors="0">
  <testcase name="testLoginLogout" time="6.481" classname="script.LoginLogout"/>
</testsuite> <!-- script.LoginLogout -->
