<?xml version="1.0" encoding="UTF-8"?>
<!-- Generated by org.testng.reporters.JUnitReportReporter -->
<testsuite skipped="0" hostname="User-PC" name="script.CerateNewGroupTC_03" tests="1" failures="0" timestamp="19 Feb 2019 17:27:27 GMT" time="13.962" errors="0">
  <testcase name="testCerateNewGroupTC_03" time="13.962" classname="script.CerateNewGroupTC_03"/>
</testsuite> <!-- script.CerateNewGroupTC_03 -->
