<?xml version="1.0" encoding="UTF-8"?>
<!-- Generated by org.testng.reporters.JUnitReportReporter -->
<testsuite skipped="0" hostname="User-PC" name="script.LoginLogoutTC_01" tests="1" failures="0" timestamp="04 Mar 2019 14:31:41 GMT" time="71.172" errors="0">
  <testcase name="testLoginLogout" time="71.172" classname="script.LoginLogoutTC_01"/>
</testsuite> <!-- script.LoginLogoutTC_01 -->
