<?xml version="1.0" encoding="UTF-8"?>
<!-- Generated by org.testng.reporters.JUnitReportReporter -->
<testsuite skipped="0" hostname="User-PC" name="script.AddUserToGroupTC_04" tests="1" failures="0" timestamp="20 Feb 2019 08:05:32 GMT" time="20.387" errors="0">
  <testcase name="testAddUserToGroupTC_04" time="20.387" classname="script.AddUserToGroupTC_04"/>
</testsuite> <!-- script.AddUserToGroupTC_04 -->
