<?xml version="1.0" encoding="UTF-8"?>
<!-- Generated by org.testng.reporters.JUnitReportReporter -->
<testsuite skipped="0" hostname="User-PC" name="script.CreateNewUserTC_02" tests="1" failures="0" timestamp="04 Mar 2019 14:31:41 GMT" time="41.853" errors="0">
  <testcase name="testCreateNewUserTC_02" time="41.853" classname="script.CreateNewUserTC_02"/>
</testsuite> <!-- script.CreateNewUserTC_02 -->
