<?xml version="1.0" encoding="UTF-8"?>
<!-- Generated by org.testng.reporters.JUnitReportReporter -->
<testsuite skipped="0" hostname="User-PC" name="script.AddPermissionsToGroupTC_05" tests="1" failures="0" timestamp="20 Feb 2019 11:04:38 GMT" time="46.562" errors="0">
  <testcase name="testAddPermissionsToGroupTC_05" time="46.562" classname="script.AddPermissionsToGroupTC_05"/>
</testsuite> <!-- script.AddPermissionsToGroupTC_05 -->
