<?xml version="1.0" encoding="UTF-8"?>
<!-- Generated by org.testng.reporters.JUnitReportReporter -->
<testsuite skipped="0" hostname="User-PC" name="script.AddPermissionsToGroupTC_05" tests="1" failures="0" timestamp="04 Mar 2019 14:31:41 GMT" time="70.920" errors="0">
  <testcase name="testAddPermissionsToGroupTC_05" time="70.920" classname="script.AddPermissionsToGroupTC_05"/>
</testsuite> <!-- script.AddPermissionsToGroupTC_05 -->
