<?xml version="1.0" encoding="UTF-8"?>
<!-- Generated by org.testng.reporters.JUnitReportReporter -->
<testsuite skipped="0" hostname="User-PC" name="script.AddUserToGroupTC_04" tests="1" failures="0" timestamp="04 Mar 2019 14:31:41 GMT" time="42.556" errors="0">
  <testcase name="testAddUserToGroupTC_04" time="42.556" classname="script.AddUserToGroupTC_04"/>
</testsuite> <!-- script.AddUserToGroupTC_04 -->
