<?xml version="1.0" encoding="UTF-8"?>
<!-- Generated by org.testng.reporters.JUnitReportReporter -->
<testsuite skipped="0" hostname="User-PC" name="script.CerateNewGroupTC_03" tests="1" failures="0" timestamp="04 Mar 2019 14:31:41 GMT" time="40.985" errors="0">
  <testcase name="testCerateNewGroupTC_03" time="40.985" classname="script.CerateNewGroupTC_03"/>
</testsuite> <!-- script.CerateNewGroupTC_03 -->
